  MyForm.cpp
C:\Users\musae\source\repos\PracticeProj\PracticeProj\MyForm.cpp(52,15): warning C4996: 'fopen': This function or variable may be unsafe. Consider using fopen_s instead. To disable deprecation, use _CRT_SECURE_NO_WARNINGS. See online help for details.
C:\Users\musae\source\repos\PracticeProj\PracticeProj\MyForm.cpp(57,16): warning C4996: 'strtok': This function or variable may be unsafe. Consider using strtok_s instead. To disable deprecation, use _CRT_SECURE_NO_WARNINGS. See online help for details.
C:\Users\musae\source\repos\PracticeProj\PracticeProj\MyForm.cpp(62,11): warning C4996: 'strtok': This function or variable may be unsafe. Consider using strtok_s instead. To disable deprecation, use _CRT_SECURE_NO_WARNINGS. See online help for details.
C:\Users\musae\source\repos\PracticeProj\PracticeProj\MyForm.cpp(81,15): warning C4996: 'fopen': This function or variable may be unsafe. Consider using fopen_s instead. To disable deprecation, use _CRT_SECURE_NO_WARNINGS. See online help for details.
C:\Users\musae\source\repos\PracticeProj\PracticeProj\MyForm.cpp(85,10): warning C4996: 'fopen': This function or variable may be unsafe. Consider using fopen_s instead. To disable deprecation, use _CRT_SECURE_NO_WARNINGS. See online help for details.
C:\Users\musae\source\repos\PracticeProj\PracticeProj\MyForm.cpp(86,10): warning C4996: 'fopen': This function or variable may be unsafe. Consider using fopen_s instead. To disable deprecation, use _CRT_SECURE_NO_WARNINGS. See online help for details.
C:\Users\musae\source\repos\PracticeProj\PracticeProj\MyForm.cpp(92,16): warning C4996: 'strtok': This function or variable may be unsafe. Consider using strtok_s instead. To disable deprecation, use _CRT_SECURE_NO_WARNINGS. See online help for details.
C:\Users\musae\source\repos\PracticeProj\PracticeProj\MyForm.cpp(102,15): warning C4996: 'fopen': This function or variable may be unsafe. Consider using fopen_s instead. To disable deprecation, use _CRT_SECURE_NO_WARNINGS. See online help for details.
C:\Users\musae\source\repos\PracticeProj\PracticeProj\MyForm.cpp(106,10): warning C4996: 'fopen': This function or variable may be unsafe. Consider using fopen_s instead. To disable deprecation, use _CRT_SECURE_NO_WARNINGS. See online help for details.
C:\Users\musae\source\repos\PracticeProj\PracticeProj\MyForm.cpp(107,10): warning C4996: 'fopen': This function or variable may be unsafe. Consider using fopen_s instead. To disable deprecation, use _CRT_SECURE_NO_WARNINGS. See online help for details.
C:\Users\musae\source\repos\PracticeProj\PracticeProj\MyForm.cpp(113,16): warning C4996: 'strtok': This function or variable may be unsafe. Consider using strtok_s instead. To disable deprecation, use _CRT_SECURE_NO_WARNINGS. See online help for details.
C:\Users\musae\source\repos\PracticeProj\PracticeProj\MyForm.cpp(114,18): warning C4996: 'strtok': This function or variable may be unsafe. Consider using strtok_s instead. To disable deprecation, use _CRT_SECURE_NO_WARNINGS. See online help for details.
C:\Users\musae\source\repos\PracticeProj\PracticeProj\MyForm.cpp(119,13): warning C4996: 'strtok': This function or variable may be unsafe. Consider using strtok_s instead. To disable deprecation, use _CRT_SECURE_NO_WARNINGS. See online help for details.
C:\Users\musae\source\repos\PracticeProj\PracticeProj\MyForm.cpp(138,15): warning C4996: 'fopen': This function or variable may be unsafe. Consider using fopen_s instead. To disable deprecation, use _CRT_SECURE_NO_WARNINGS. See online help for details.
C:\Users\musae\source\repos\PracticeProj\PracticeProj\MyForm.cpp(143,10): warning C4996: 'fopen': This function or variable may be unsafe. Consider using fopen_s instead. To disable deprecation, use _CRT_SECURE_NO_WARNINGS. See online help for details.
C:\Users\musae\source\repos\PracticeProj\PracticeProj\MyForm.cpp(144,10): warning C4996: 'fopen': This function or variable may be unsafe. Consider using fopen_s instead. To disable deprecation, use _CRT_SECURE_NO_WARNINGS. See online help for details.
C:\Users\musae\source\repos\PracticeProj\PracticeProj\MyForm.cpp(169,19): warning C4018: <: несоответствие типов со знаком и без знака
  MyForm.obj : обнаружен модуль MSIL; для MSIL последовательная компоновка отключена; выполняется полная компоновка
  PracticeProj.vcxproj -> C:\Users\musae\source\repos\PracticeProj\Debug\PracticeProj.exe
