  MyForm.cpp
C:\Users\musae\source\repos\PracticeProj\PracticeProj\MyForm.cpp(54,15): warning C4996: 'fopen': This function or variable may be unsafe. Consider using fopen_s instead. To disable deprecation, use _CRT_SECURE_NO_WARNINGS. See online help for details.
C:\Users\musae\source\repos\PracticeProj\PracticeProj\MyForm.cpp(58,16): warning C4996: 'strtok': This function or variable may be unsafe. Consider using strtok_s instead. To disable deprecation, use _CRT_SECURE_NO_WARNINGS. See online help for details.
C:\Users\musae\source\repos\PracticeProj\PracticeProj\MyForm.cpp(63,11): warning C4996: 'strtok': This function or variable may be unsafe. Consider using strtok_s instead. To disable deprecation, use _CRT_SECURE_NO_WARNINGS. See online help for details.
C:\Users\musae\source\repos\PracticeProj\PracticeProj\MyForm.cpp(85,18): warning C4996: 'fopen': This function or variable may be unsafe. Consider using fopen_s instead. To disable deprecation, use _CRT_SECURE_NO_WARNINGS. See online help for details.
C:\Users\musae\source\repos\PracticeProj\PracticeProj\MyForm.cpp(104,15): warning C4996: 'fopen': This function or variable may be unsafe. Consider using fopen_s instead. To disable deprecation, use _CRT_SECURE_NO_WARNINGS. See online help for details.
C:\Users\musae\source\repos\PracticeProj\PracticeProj\MyForm.cpp(108,10): warning C4996: 'fopen': This function or variable may be unsafe. Consider using fopen_s instead. To disable deprecation, use _CRT_SECURE_NO_WARNINGS. See online help for details.
C:\Users\musae\source\repos\PracticeProj\PracticeProj\MyForm.cpp(109,10): warning C4996: 'fopen': This function or variable may be unsafe. Consider using fopen_s instead. To disable deprecation, use _CRT_SECURE_NO_WARNINGS. See online help for details.
C:\Users\musae\source\repos\PracticeProj\PracticeProj\MyForm.cpp(115,16): warning C4996: 'strtok': This function or variable may be unsafe. Consider using strtok_s instead. To disable deprecation, use _CRT_SECURE_NO_WARNINGS. See online help for details.
C:\Users\musae\source\repos\PracticeProj\PracticeProj\MyForm.cpp(116,18): warning C4996: 'strtok': This function or variable may be unsafe. Consider using strtok_s instead. To disable deprecation, use _CRT_SECURE_NO_WARNINGS. See online help for details.
C:\Users\musae\source\repos\PracticeProj\PracticeProj\MyForm.cpp(121,13): warning C4996: 'strtok': This function or variable may be unsafe. Consider using strtok_s instead. To disable deprecation, use _CRT_SECURE_NO_WARNINGS. See online help for details.
C:\Users\musae\source\repos\PracticeProj\PracticeProj\MyForm.cpp(132,15): warning C4996: 'fopen': This function or variable may be unsafe. Consider using fopen_s instead. To disable deprecation, use _CRT_SECURE_NO_WARNINGS. See online help for details.
C:\Users\musae\source\repos\PracticeProj\PracticeProj\MyForm.cpp(139,10): warning C4996: 'fopen': This function or variable may be unsafe. Consider using fopen_s instead. To disable deprecation, use _CRT_SECURE_NO_WARNINGS. See online help for details.
C:\Users\musae\source\repos\PracticeProj\PracticeProj\MyForm.cpp(140,10): warning C4996: 'fopen': This function or variable may be unsafe. Consider using fopen_s instead. To disable deprecation, use _CRT_SECURE_NO_WARNINGS. See online help for details.
C:\Users\musae\source\repos\PracticeProj\PracticeProj\MyForm.cpp(148,15): warning C4996: 'strtok': This function or variable may be unsafe. Consider using strtok_s instead. To disable deprecation, use _CRT_SECURE_NO_WARNINGS. See online help for details.
C:\Users\musae\source\repos\PracticeProj\PracticeProj\MyForm.cpp(150,17): warning C4996: 'strdup': The POSIX name for this item is deprecated. Instead, use the ISO C and C++ conformant name: _strdup. See online help for details.
C:\Users\musae\source\repos\PracticeProj\PracticeProj\MyForm.cpp(151,10): warning C4996: 'strtok': This function or variable may be unsafe. Consider using strtok_s instead. To disable deprecation, use _CRT_SECURE_NO_WARNINGS. See online help for details.
C:\Users\musae\source\repos\PracticeProj\PracticeProj\MyForm.cpp(172,15): warning C4996: 'fopen': This function or variable may be unsafe. Consider using fopen_s instead. To disable deprecation, use _CRT_SECURE_NO_WARNINGS. See online help for details.
C:\Users\musae\source\repos\PracticeProj\PracticeProj\MyForm.cpp(175,10): warning C4996: 'fopen': This function or variable may be unsafe. Consider using fopen_s instead. To disable deprecation, use _CRT_SECURE_NO_WARNINGS. See online help for details.
C:\Users\musae\source\repos\PracticeProj\PracticeProj\MyForm.cpp(176,10): warning C4996: 'fopen': This function or variable may be unsafe. Consider using fopen_s instead. To disable deprecation, use _CRT_SECURE_NO_WARNINGS. See online help for details.
C:\Users\musae\source\repos\PracticeProj\PracticeProj\MyForm.cpp(197,19): warning C4018: <: несоответствие типов со знаком и без знака
  MyForm.obj : обнаружен модуль MSIL; для MSIL последовательная компоновка отключена; выполняется полная компоновка
  PracticeProj.vcxproj -> C:\Users\musae\source\repos\PracticeProj\Release\PracticeProj.exe
